{"/Users/tkoff0110/Developer/react-projects/manga-manager-web/src/components/ErrorFormMessage.tsx": {"path":"/Users/tkoff0110/Developer/react-projects/manga-manager-web/src/components/ErrorFormMessage.tsx","statementMap":{"0":{"start":{"line":6,"column":65},"end":{"line":13,"column":1}},"1":{"start":{"line":10,"column":2},"end":{"line":12,"column":9}}},"fnMap":{"0":{"name":"(anonymous_0)","decl":{"start":{"line":6,"column":65},"end":{"line":6,"column":66}},"loc":{"start":{"line":10,"column":2},"end":{"line":12,"column":9}},"line":10}},"branchMap":{},"s":{"0":1,"1":2},"f":{"0":2},"b":{},"_coverageSchema":"1a1c01bbd47fc00a2c39e90264f33305004495a9","hash":"006cc199ac9ead00b71810e4d7a562dc257f6aa6"}
,"/Users/tkoff0110/Developer/react-projects/manga-manager-web/src/pages/Login.tsx": {"path":"/Users/tkoff0110/Developer/react-projects/manga-manager-web/src/pages/Login.tsx","statementMap":{"0":{"start":{"line":10,"column":31},"end":{"line":71,"column":1}},"1":{"start":{"line":15,"column":6},"end":{"line":15,"column":25}},"2":{"start":{"line":17,"column":21},"end":{"line":19,"column":3}},"3":{"start":{"line":18,"column":4},"end":{"line":18,"column":31}},"4":{"start":{"line":21,"column":2},"end":{"line":70,"column":4}}},"fnMap":{"0":{"name":"(anonymous_0)","decl":{"start":{"line":10,"column":31},"end":{"line":10,"column":32}},"loc":{"start":{"line":10,"column":37},"end":{"line":71,"column":1}},"line":10},"1":{"name":"(anonymous_1)","decl":{"start":{"line":17,"column":21},"end":{"line":17,"column":22}},"loc":{"start":{"line":17,"column":41},"end":{"line":19,"column":3}},"line":17}},"branchMap":{"0":{"loc":{"start":{"line":38,"column":13},"end":{"line":43,"column":13}},"type":"binary-expr","locations":[{"start":{"line":38,"column":13},"end":{"line":38,"column":28}},{"start":{"line":39,"column":14},"end":{"line":42,"column":16}}],"line":38},"1":{"loc":{"start":{"line":56,"column":13},"end":{"line":61,"column":13}},"type":"binary-expr","locations":[{"start":{"line":56,"column":13},"end":{"line":56,"column":28}},{"start":{"line":57,"column":14},"end":{"line":60,"column":16}}],"line":56}},"s":{"0":1,"1":3,"2":3,"3":1,"4":3},"f":{"0":3,"1":1},"b":{"0":[3,1],"1":[3,1]},"_coverageSchema":"1a1c01bbd47fc00a2c39e90264f33305004495a9","hash":"85dd983a66422217a188e8d3dd4700ae45b15378"}
}
